<?xml version="1.0" encoding="UTF-8"?>
<!-- Generated by org.testng.reporters.JUnitXMLReporter -->
<testsuite ignored="0" hostname="DESKTOP-RO3NQHF" failures="0" tests="3" name="sanity" time="125.389" errors="0" timestamp="2024-05-15T20:21:52 IST">
  <testcase classname="com.starAgile.testng.TestNGTest1" name="testCase1" time="11.326"/>
  <testcase classname="com.starAgile.testng.TestNGTest1" name="testCase2" time="89.458"/>
  <testcase classname="com.starAgile.testng.TestNGTest1" name="testCase3" time="24.472"/>
</testsuite> <!-- sanity -->
